Warning message:
package ‘mixgb’ was built under R version 4.5.1 
Loaded packages
Input rows: 11711, columns: 268
Feature preparation:
  Total columns: 268
  ID columns: 2
  Dropped columns: 0
  Feature columns: 266
Using log-transformed trait targets: logLA, logNmass, logLDMC, logSLA, logH, logSM
  logLA: 5226 obs (44.6%)
  logNmass: 4005 obs (34.2%)
  logLDMC: 2567 obs (21.9%)
  logSLA: 6846 obs (58.5%)
  logH: 9029 obs (77.1%)
  logSM: 7700 obs (65.8%)
Environmental q50 features: 156
Dropping 3 all-NA feature(s): try_leaf_phenology, try_photosynthesis_pathway, try_mycorrhiza_type
[mixgb] Starting 10 imputations (device=cuda)

======================================================================
[mixgb] IMPUTATION 1/10 (seed=20251107)
======================================================================
mixgb with subsampling: imputing set -- 1
[mixgb] (1/10) completed in 4.21 min
[mixgb] (1/10) wrote mixgb_imputed_bill_{m1}.csv/parquet

======================================================================
[mixgb] IMPUTATION 2/10 (seed=20251108)
======================================================================
mixgb with subsampling: imputing set -- 1
[mixgb] (2/10) completed in 4.22 min
[mixgb] (2/10) wrote mixgb_imputed_bill_{m2}.csv/parquet

======================================================================
[mixgb] IMPUTATION 3/10 (seed=20251109)
======================================================================
mixgb with subsampling: imputing set -- 1
[mixgb] (3/10) completed in 4.20 min
[mixgb] (3/10) wrote mixgb_imputed_bill_{m3}.csv/parquet

======================================================================
[mixgb] IMPUTATION 4/10 (seed=20251110)
======================================================================
mixgb with subsampling: imputing set -- 1
[mixgb] (4/10) completed in 4.23 min
[mixgb] (4/10) wrote mixgb_imputed_bill_{m4}.csv/parquet

======================================================================
[mixgb] IMPUTATION 5/10 (seed=20251111)
======================================================================
mixgb with subsampling: imputing set -- 1
[mixgb] (5/10) completed in 4.26 min
[mixgb] (5/10) wrote mixgb_imputed_bill_{m5}.csv/parquet

======================================================================
[mixgb] IMPUTATION 6/10 (seed=20251112)
======================================================================
mixgb with subsampling: imputing set -- 1
[mixgb] (6/10) completed in 4.21 min
[mixgb] (6/10) wrote mixgb_imputed_bill_{m6}.csv/parquet

======================================================================
[mixgb] IMPUTATION 7/10 (seed=20251113)
======================================================================
mixgb with subsampling: imputing set -- 1
[mixgb] (7/10) completed in 4.20 min
[mixgb] (7/10) wrote mixgb_imputed_bill_{m7}.csv/parquet

======================================================================
[mixgb] IMPUTATION 8/10 (seed=20251114)
======================================================================
mixgb with subsampling: imputing set -- 1
[mixgb] (8/10) completed in 4.23 min
[mixgb] (8/10) wrote mixgb_imputed_bill_{m8}.csv/parquet

======================================================================
[mixgb] IMPUTATION 9/10 (seed=20251115)
======================================================================
mixgb with subsampling: imputing set -- 1
[mixgb] (9/10) completed in 4.18 min
[mixgb] (9/10) wrote mixgb_imputed_bill_{m9}.csv/parquet

======================================================================
[mixgb] IMPUTATION 10/10 (seed=20251116)
======================================================================
mixgb with subsampling: imputing set -- 1
[mixgb] (10/10) completed in 4.19 min
[mixgb] (10/10) wrote mixgb_imputed_bill_{m10}.csv/parquet
[mixgb] Wrote mean summary tables
[mixgb] Warning log written to data/shipley_checks/imputation/mixgb_imputed_bill_warnings.txt
[mixgb] All imputations completed in 42.15 min
Outputs written to data/shipley_checks/imputation
