Warning message:
package ‘mixgb’ was built under R version 4.5.1 
CV Parameters:
  Input: data/shipley_checks/modelling/canonical_imputation_input_11711_bill.csv
  Output: data/shipley_checks/imputation/mixgb_cv_rmse_bill.csv
  nrounds: 3000
  eta: 0.025
  device: cuda
  folds: 10
  traits: all
Loaded input with 11711 rows and 736 columns

========================================
Starting XGBoost 10-Fold CV
Traits: 6 | Total folds: 60
Started: 2025-11-08 11:40:57
========================================

[1/6] Trait: logLA | 5226 obs | mixgb with subsampling: imputing set -- 1
F1:1.384[890s] mixgb with subsampling: imputing set -- 1
F2:1.411[877s] mixgb with subsampling: imputing set -- 1
F3:1.414[873s] mixgb with subsampling: imputing set -- 1
F4:1.482[877s] mixgb with subsampling: imputing set -- 1
F5:1.475[879s] mixgb with subsampling: imputing set -- 1
F6:1.387[881s] mixgb with subsampling: imputing set -- 1
F7:1.404[882s] mixgb with subsampling: imputing set -- 1
F8:1.371[882s] mixgb with subsampling: imputing set -- 1
F9:1.337[893s] mixgb with subsampling: imputing set -- 1
F10:1.451[903s] ✓ Mean RMSE: 1.4116 (±0.0461)
[2/6] Trait: logNmass | 4005 obs | mixgb with subsampling: imputing set -- 1
F1:0.306[887s] mixgb with subsampling: imputing set -- 1
F2:0.310[884s] mixgb with subsampling: imputing set -- 1
F3:0.290[880s] mixgb with subsampling: imputing set -- 1
F4:0.284[884s] mixgb with subsampling: imputing set -- 1
F5:0.313[892s] mixgb with subsampling: imputing set -- 1
F6:0.296[890s] mixgb with subsampling: imputing set -- 1
F7:0.322[891s] mixgb with subsampling: imputing set -- 1
F8:0.304[893s] mixgb with subsampling: imputing set -- 1
F9:0.295[890s] mixgb with subsampling: imputing set -- 1
F10:0.282[890s] ✓ Mean RMSE: 0.3001 (±0.0132)
[3/6] Trait: logLDMC | 2567 obs | mixgb with subsampling: imputing set -- 1
F1:0.359[891s] mixgb with subsampling: imputing set -- 1
F2:0.437[892s] mixgb with subsampling: imputing set -- 1
F3:0.326[890s] mixgb with subsampling: imputing set -- 1
F4:0.363[879s] mixgb with subsampling: imputing set -- 1
F5:0.358[881s] mixgb with subsampling: imputing set -- 1
F6:0.332[885s] mixgb with subsampling: imputing set -- 1
F7:0.314[882s] mixgb with subsampling: imputing set -- 1
F8:0.413[882s] mixgb with subsampling: imputing set -- 1
F9:0.319[895s] mixgb with subsampling: imputing set -- 1
F10:0.337[886s] ✓ Mean RMSE: 0.3556 (±0.0407)
[4/6] Trait: logSLA | 6846 obs | mixgb with subsampling: imputing set -- 1
F1:0.472[885s] mixgb with subsampling: imputing set -- 1
F2:0.492[884s] mixgb with subsampling: imputing set -- 1
F3:0.494[882s] mixgb with subsampling: imputing set -- 1
F4:0.501[889s] mixgb with subsampling: imputing set -- 1
F5:0.503[888s] mixgb with subsampling: imputing set -- 1
F6:0.484[883s] mixgb with subsampling: imputing set -- 1
F7:0.518[893s] mixgb with subsampling: imputing set -- 1
F8:0.483[888s] mixgb with subsampling: imputing set -- 1
F9:0.521[882s] mixgb with subsampling: imputing set -- 1
F10:0.505[886s] ✓ Mean RMSE: 0.4974 (±0.0155)
[5/6] Trait: logH | 9029 obs | mixgb with subsampling: imputing set -- 1
F1:0.885[891s] mixgb with subsampling: imputing set -- 1
F2:0.913[883s] mixgb with subsampling: imputing set -- 1
F3:0.945[885s] mixgb with subsampling: imputing set -- 1
F4:0.860[882s] mixgb with subsampling: imputing set -- 1
F5:0.904[880s] mixgb with subsampling: imputing set -- 1
F6:0.915[881s] mixgb with subsampling: imputing set -- 1
F7:0.863[883s] mixgb with subsampling: imputing set -- 1
F8:0.944[882s] mixgb with subsampling: imputing set -- 1
F9:0.888[881s] mixgb with subsampling: imputing set -- 1
F10:0.943[883s] ✓ Mean RMSE: 0.9061 (±0.0322)
[6/6] Trait: logSM | 7700 obs | mixgb with subsampling: imputing set -- 1
F1:1.666[883s] mixgb with subsampling: imputing set -- 1
F2:1.638[883s] mixgb with subsampling: imputing set -- 1
F3:1.593[881s] mixgb with subsampling: imputing set -- 1
F4:1.585[885s] mixgb with subsampling: imputing set -- 1
F5:1.620[884s] mixgb with subsampling: imputing set -- 1
F6:1.599[884s] mixgb with subsampling: imputing set -- 1
F7:1.661[881s] mixgb with subsampling: imputing set -- 1
F8:1.611[881s] mixgb with subsampling: imputing set -- 1
F9:1.535[882s] mixgb with subsampling: imputing set -- 1
F10:1.513[884s] ✓ Mean RMSE: 1.6020 (±0.0495)
There were 50 or more warnings (use warnings() to see the first 50)
     trait rmse_mean rmse_median    rmse_sd r2_transformed r2_original
1    logLA 1.4116234   1.4073429 0.04613077      0.5523628   0.5523628
2 logNmass 0.3001169   0.2995578 0.01324307      0.5477382   0.5477382
3  logLDMC 0.3556469   0.3474915 0.04066813      0.5746575   0.5746575
4   logSLA 0.4973916   0.4974765 0.01549997      0.5412262   0.5412262
5     logH 0.9060901   0.9086946 0.03224367      0.7568857   0.7568857
6    logSM 1.6019725   1.6048127 0.04954569      0.7566269   0.7566269
  within_10pct within_25pct within_50pct    mdape folds n_obs nrounds   eta
1     6.926904     15.46116     32.54879 73.67398    10  5226    3000 0.025
2    28.614232     64.19476     90.56180 18.16763    10  4005    3000 0.025
3    31.982859     66.57577     90.57265 17.09809    10  2567    3000 0.025
4    17.338592     42.28747     74.20391 30.06117    10  6846    3000 0.025
5    10.001108     24.63174     49.76188 50.00000    10  9029    3000 0.025
6     6.987013     15.10390     30.36364 77.47791    10  7700    3000 0.025
Saved CV RMSE + R² summary to data/shipley_checks/imputation/mixgb_cv_rmse_bill.csv
Total CV time: 885 minutes
Saved CV predictions to data/shipley_checks/imputation/mixgb_cv_rmse_bill_predictions.csv
