======================================================================
BILL'S VERIFICATION: PER-AXIS PHYLO PREDICTOR CALCULATOR
======================================================================
Calculating context-matched p_phylo for each axis from Bill's pipeline

[tree] Loading full tree: data/stage1/phlogeny/mixgb_tree_11711_species_20251107.nwk 
[tree] Loaded 11010 tips

[tree] Loading WFO-to-tree mapping
[tree] Loaded mapping for 11711 species

[data] Loading Bill's canonical input for EIVE values
[data] Loaded 11711 species

======================================================================
Processing L axis
======================================================================
[ L ] Species with observed EIVE: 6157 
[ L ] EIVE values ready: 6157 
[ L ] Tips to keep in tree: 6157 
[ L ] Pruned tree to 5615 tips
[ L ] Calculated cophenetic distances
[ L ] Calculated p_phylo (x_exp=2, k_trunc=0)
[ L ] p_phylo coverage: 5615 / 5615 (100.0%)
[ L ] Saved: data/shipley_checks/imputation/p_phylo_L_bill.csv 
[ L ] Summary: mean= 7.39 , sd= 0.561 

======================================================================
Processing T axis
======================================================================
[ T ] Species with observed EIVE: 6203 
[ T ] EIVE values ready: 6203 
[ T ] Tips to keep in tree: 6203 
[ T ] Pruned tree to 5649 tips
[ T ] Calculated cophenetic distances
[ T ] Calculated p_phylo (x_exp=2, k_trunc=0)
[ T ] p_phylo coverage: 5649 / 5649 (100.0%)
[ T ] Saved: data/shipley_checks/imputation/p_phylo_T_bill.csv 
[ T ] Summary: mean= 4.747 , sd= 0.731 

======================================================================
Processing M axis
======================================================================
[ M ] Species with observed EIVE: 6226 
[ M ] EIVE values ready: 6226 
[ M ] Tips to keep in tree: 6226 
[ M ] Pruned tree to 5670 tips
[ M ] Calculated cophenetic distances
[ M ] Calculated p_phylo (x_exp=2, k_trunc=0)
[ M ] p_phylo coverage: 5670 / 5670 (100.0%)
[ M ] Saved: data/shipley_checks/imputation/p_phylo_M_bill.csv 
[ M ] Summary: mean= 3.973 , sd= 0.707 

======================================================================
Processing N axis
======================================================================
[ N ] Species with observed EIVE: 5994 
[ N ] EIVE values ready: 5994 
[ N ] Tips to keep in tree: 5994 
[ N ] Pruned tree to 5460 tips
[ N ] Calculated cophenetic distances
[ N ] Calculated p_phylo (x_exp=2, k_trunc=0)
[ N ] p_phylo coverage: 5460 / 5460 (100.0%)
[ N ] Saved: data/shipley_checks/imputation/p_phylo_N_bill.csv 
[ N ] Summary: mean= 4.228 , sd= 0.802 

======================================================================
Processing R axis
======================================================================
[ R ] Species with observed EIVE: 6047 
[ R ] EIVE values ready: 6047 
[ R ] Tips to keep in tree: 6047 
[ R ] Pruned tree to 5501 tips
[ R ] Calculated cophenetic distances
[ R ] Calculated p_phylo (x_exp=2, k_trunc=0)
[ R ] p_phylo coverage: 5501 / 5501 (100.0%)
[ R ] Saved: data/shipley_checks/imputation/p_phylo_R_bill.csv 
[ R ] Summary: mean= 6.464 , sd= 0.56 

======================================================================
BILL'S VERIFICATION SUMMARY
======================================================================
L-axis: 6157 species, 6157 matched tree, 5615 p_phylo calculated
T-axis: 6203 species, 6203 matched tree, 5649 p_phylo calculated
M-axis: 6226 species, 6226 matched tree, 5670 p_phylo calculated
N-axis: 5994 species, 5994 matched tree, 5460 p_phylo calculated
R-axis: 6047 species, 6047 matched tree, 5501 p_phylo calculated

Context-matched p_phylo files saved to:
  data/shipley_checks/imputation/p_phylo_{L,T,M,N,R}_bill.csv

Next step: Merge p_phylo files and add to complete imputed dataset

