  adding: bill_foundational_data/ (stored 0%)
  adding: bill_foundational_data/stage3/ (stored 0%)
  adding: bill_foundational_data/stage3/bill_with_csr_ecoservices_11711.csv (deflated 67%)
  adding: bill_foundational_data/phylogeny/ (stored 0%)
  adding: bill_foundational_data/phylogeny/mixgb_tree_11711_species_20251107.nwk (deflated 64%)
  adding: bill_foundational_data/phylogeny/legacy_gbotb/ (stored 0%)
  adding: bill_foundational_data/phylogeny/legacy_gbotb/gbotb_wfo_mapping.parquet (deflated 19%)
  adding: bill_foundational_data/phylogeny/mixgb_wfo_to_tree_mapping_11711.csv (deflated 81%)
  adding: bill_foundational_data/gbif/ (stored 0%)
  adding: bill_foundational_data/gbif/occurrence_plantae.parquet (deflated 0%)
  adding: bill_foundational_data/gbif/occurrence_plantae_wfo.parquet (deflated 0%)
  adding: bill_foundational_data/stage1/ (stored 0%)
  adding: bill_foundational_data/stage1/mabberly_original.parquet (deflated 18%)
  adding: bill_foundational_data/stage1/duke_original.parquet (deflated 77%)
  adding: bill_foundational_data/stage1/worldclim_occ_samples.parquet (deflated 0%)
  adding: bill_foundational_data/stage1/tryenhanced_species_original.parquet (deflated 15%)
  adding: bill_foundational_data/stage1/try_selected_traits.parquet (deflated 18%)
  adding: bill_foundational_data/stage1/eive_original.parquet (deflated 18%)
  adding: bill_foundational_data/stage1/soilgrids_occ_samples.parquet (deflated 1%)
  adding: bill_foundational_data/stage1/austraits/ (stored 0%)
  adding: bill_foundational_data/stage1/austraits/taxa.parquet (deflated 14%)
  adding: bill_foundational_data/stage1/globi_interactions_plants.parquet (deflated 1%)
  adding: bill_foundational_data/stage1/agroclime_occ_samples.parquet (deflated 0%)
  adding: bill_foundational_data/classification.csv (deflated 87%)
